<?xml version="1.0" encoding="UTF-8"?>
<!-- Generated by org.testng.reporters.JUnitXMLReporter -->
<testsuite ignored="0" hostname="Mayankas-MacBook-Air.local" failures="1" tests="13" name="Error Validation" time="21.534" errors="0" timestamp="2024-06-21T21:38:05 IST">
  <testcase classname="com.qa.TestNG.Class2nd" name="carLoanAPIPage" time="0.005"/>
  <testcase classname="com.qa.TestNG.Class2nd" name="carLoanMobilePage" time="0.0"/>
  <testcase classname="com.qa.TestNG.Class2nd" name="carLoanWebPage" time="0.0"/>
  <testcase classname="com.qa.test.StandAloneForErrorValidationsTest" name="purchaseClothErrorValidation" time="6.557">
    <failure type="java.lang.AssertionError" message="expected [Incorrect email or password.] but found [Incorrect email orr password.]">
      <![CDATA[java.lang.AssertionError: expected [Incorrect email or password.] but found [Incorrect email orr password.]
at com.qa.test.StandAloneForErrorValidationsTest.purchaseClothErrorValidation(StandAloneForErrorValidationsTest.java:21)
at java.base/java.util.ArrayList.forEach(ArrayList.java:1596)
at java.base/java.util.concurrent.FutureTask.run(FutureTask.java:317)
at java.base/java.util.concurrent.ThreadPoolExecutor.runWorker(ThreadPoolExecutor.java:1144)
at java.base/java.util.concurrent.ThreadPoolExecutor$Worker.run(ThreadPoolExecutor.java:642)
at java.base/java.lang.Thread.run(Thread.java:1583)
... Removed 21 stack frames]]>
    </failure>
  </testcase> <!-- purchaseClothErrorValidation -->
  <testcase classname="com.qa.TestNG.Class1st" name="firstMethod" time="0.001"/>
  <testcase classname="com.qa.TestNG.Class1st" name="secondMethod" time="0.001"/>
  <testcase classname="com.qa.TestNG.Class3rd" name="excludehomeLoanAPIPage" time="0.001"/>
  <testcase classname="com.qa.TestNG.Class3rd" name="excludehomeLoanMobilePage" time="0.001"/>
  <testcase classname="com.qa.TestNG.Class3rd" name="excludehomeLoanWebage" time="0.001"/>
  <testcase classname="com.qa.TestNG.Class3rd" name="homeLoanAPIPage" time="0.0"/>
  <testcase classname="com.qa.TestNG.Class3rd" name="homeLoanMobilePage" time="0.001"/>
  <testcase classname="com.qa.TestNG.Class3rd" name="homeLoanWebPage" time="0.001"/>
  <testcase classname="com.qa.TestNG.Class4th" name="firstMethod" time="0.003"/>
</testsuite> <!-- Error Validation -->
