<?xml version="1.0" encoding="UTF-8"?>
<!-- Generated by org.testng.reporters.JUnitXMLReporter -->
<testsuite ignored="0" hostname="Mayankas-MacBook-Air.local" failures="1" tests="15" name="Purchase Product" time="67.462" errors="0" timestamp="2024-06-21T21:38:51 IST">
  <testcase classname="com.qa.TestNG.Class2nd" name="carLoanAPIPage" time="0.005"/>
  <testcase classname="com.qa.TestNG.Class2nd" name="carLoanMobilePage" time="0.002"/>
  <testcase classname="com.qa.TestNG.Class2nd" name="carLoanWebPage" time="0.001"/>
  <testcase classname="com.qa.test.StandAloneTestForBaseTest" name="purchaseCloth" time="22.489">
    <failure type="org.openqa.selenium.ElementClickInterceptedException" message="element click intercepted: Element is not clickable at point (1199, -154)
  (Session info: chrome=126.0.6478.63)
Build info: version: &amp;apos;4.15.0&amp;apos;, revision: &amp;apos;1d14b5521b&amp;apos;
System info: os.name: &amp;apos;Mac OS X&amp;apos;, os.arch: &amp;apos;aarch64&amp;apos;, os.version: &amp;apos;14.3.1&amp;apos;, java.version: &amp;apos;21.0.2&amp;apos;
Driver info: org.openqa.selenium.chrome.ChromeDriver
Command: [48d63f9fa33171d3726801ee098681f7, clickElement {id=f.20A1F140CFB2D09120E944EFA3F496F4.d.BEA1F182CA4D9541FC9BCB3B9205A478.e.83}]
Capabilities {acceptInsecureCerts: false, browserName: chrome, browserVersion: 126.0.6478.63, chrome: {chromedriverVersion: 126.0.6478.63 (df799988fdc9..., userDataDir: /var/folders/y5/78pdxx_9549...}, fedcm:accounts: true, goog:chromeOptions: {debuggerAddress: localhost:50089}, networkConnectionEnabled: false, pageLoadStrategy: normal, platformName: mac, proxy: Proxy(), se:cdp: ws://localhost:50089/devtoo..., se:cdpVersion: 126.0.6478.63, setWindowRect: true, strictFileInteractability: false, timeouts: {implicit: 0, pageLoad: 300000, script: 30000}, unhandledPromptBehavior: dismiss and notify, webauthn:extension:credBlob: true, webauthn:extension:largeBlob: true, webauthn:extension:minPinLength: true, webauthn:extension:prf: true, webauthn:virtualAuthenticators: true}
Element: [[ChromeDriver: chrome on mac (48d63f9fa33171d3726801ee098681f7)] -&amp;gt; xpath: //button[@routerlink=&amp;apos;/dashboard/cart&amp;apos;]]
Session ID: 48d63f9fa33171d3726801ee098681f7">
      <![CDATA[org.openqa.selenium.ElementClickInterceptedException: element click intercepted: Element is not clickable at point (1199, -154)
  (Session info: chrome=126.0.6478.63)
Build info: version: '4.15.0', revision: '1d14b5521b'
System info: os.name: 'Mac OS X', os.arch: 'aarch64', os.version: '14.3.1', java.version: '21.0.2'
Driver info: org.openqa.selenium.chrome.ChromeDriver
Command: [48d63f9fa33171d3726801ee098681f7, clickElement {id=f.20A1F140CFB2D09120E944EFA3F496F4.d.BEA1F182CA4D9541FC9BCB3B9205A478.e.83}]
Capabilities {acceptInsecureCerts: false, browserName: chrome, browserVersion: 126.0.6478.63, chrome: {chromedriverVersion: 126.0.6478.63 (df799988fdc9..., userDataDir: /var/folders/y5/78pdxx_9549...}, fedcm:accounts: true, goog:chromeOptions: {debuggerAddress: localhost:50089}, networkConnectionEnabled: false, pageLoadStrategy: normal, platformName: mac, proxy: Proxy(), se:cdp: ws://localhost:50089/devtoo..., se:cdpVersion: 126.0.6478.63, setWindowRect: true, strictFileInteractability: false, timeouts: {implicit: 0, pageLoad: 300000, script: 30000}, unhandledPromptBehavior: dismiss and notify, webauthn:extension:credBlob: true, webauthn:extension:largeBlob: true, webauthn:extension:minPinLength: true, webauthn:extension:prf: true, webauthn:virtualAuthenticators: true}
Element: [[ChromeDriver: chrome on mac (48d63f9fa33171d3726801ee098681f7)] -> xpath: //button[@routerlink='/dashboard/cart']]
Session ID: 48d63f9fa33171d3726801ee098681f7
at org.openqa.selenium.remote.codec.w3c.W3CHttpResponseCodec.createException(W3CHttpResponseCodec.java:200)
at org.openqa.selenium.remote.codec.w3c.W3CHttpResponseCodec.decode(W3CHttpResponseCodec.java:133)
at org.openqa.selenium.remote.codec.w3c.W3CHttpResponseCodec.decode(W3CHttpResponseCodec.java:52)
at org.openqa.selenium.remote.HttpCommandExecutor.execute(HttpCommandExecutor.java:191)
at org.openqa.selenium.remote.service.DriverCommandExecutor.invokeExecute(DriverCommandExecutor.java:200)
at org.openqa.selenium.remote.service.DriverCommandExecutor.execute(DriverCommandExecutor.java:175)
at org.openqa.selenium.remote.RemoteWebDriver.execute(RemoteWebDriver.java:607)
at org.openqa.selenium.remote.RemoteWebElement.execute(RemoteWebElement.java:224)
at org.openqa.selenium.remote.RemoteWebElement.click(RemoteWebElement.java:77)
at org.openqa.selenium.support.pagefactory.internal.LocatingElementHandler.invoke(LocatingElementHandler.java:51)
at jdk.proxy2/jdk.proxy2.$Proxy22.click(Unknown Source)
at com.qa.AbstractComponents.AbstractComponents.goToCartPage(AbstractComponents.java:45)
at com.qa.test.StandAloneTestForBaseTest.purchaseCloth(StandAloneTestForBaseTest.java:41)
at java.base/java.util.ArrayList.forEach(ArrayList.java:1596)
at java.base/java.util.concurrent.FutureTask.run(FutureTask.java:317)
at java.base/java.util.concurrent.ThreadPoolExecutor.runWorker(ThreadPoolExecutor.java:1144)
at java.base/java.util.concurrent.ThreadPoolExecutor$Worker.run(ThreadPoolExecutor.java:642)
at java.base/java.lang.Thread.run(Thread.java:1583)
... Removed 20 stack frames]]>
    </failure>
  </testcase> <!-- purchaseCloth -->
  <testcase classname="com.qa.test.StandAloneTestForBaseTest" name="purchaseCloth" time="20.73"/>
  <testcase classname="com.qa.TestNG.Class1st" name="firstMethod" time="0.001"/>
  <testcase classname="com.qa.TestNG.Class1st" name="secondMethod" time="0.0"/>
  <testcase classname="com.qa.TestNG.Class3rd" name="excludehomeLoanAPIPage" time="0.0"/>
  <testcase classname="com.qa.TestNG.Class3rd" name="excludehomeLoanMobilePage" time="0.0"/>
  <testcase classname="com.qa.TestNG.Class3rd" name="excludehomeLoanWebage" time="0.0"/>
  <testcase classname="com.qa.TestNG.Class3rd" name="homeLoanAPIPage" time="0.001"/>
  <testcase classname="com.qa.TestNG.Class3rd" name="homeLoanMobilePage" time="0.0"/>
  <testcase classname="com.qa.TestNG.Class3rd" name="homeLoanWebPage" time="0.0"/>
  <testcase classname="com.qa.TestNG.Class4th" name="firstMethod" time="0.001"/>
  <testcase classname="com.qa.test.StandAloneTestForBaseTest" name="validateOrderHistory" time="0.0">
    <skipped/>
  </testcase> <!-- validateOrderHistory -->
</testsuite> <!-- Purchase Product -->
